<?xml version="1.0" encoding="UTF-8" ?>
<testsuite tests="6" failures="0" name="TestSuite" time="3.703" errors="0" skipped="0">
  <properties>
[...]
</properties>
  <testcase classname="com.WEINVEST.TestC_Test" name="verifyPageTittle" time="2.263"/>
  <testcase classname="com.WEINVEST.TestC_Test" name="visibilityOfFullRecommendation" time="0.847"/>
  <testcase classname="com.WEINVEST.TestC_Test" name="visibilityOfFullOtherPortfolio" time="0.097"/>
  <testcase classname="com.WEINVEST.TestC_Test" name="changeWindowSize" time="0.291"/>
  <testcase classname="com.WEINVEST.TestC_Test" name="visibilityOfSortRecommendation" time="0.1"/>
  <testcase classname="com.WEINVEST.TestC_Test" name="visibilityOfSortOtherPortfolio" time="0.105"/>
</testsuite>