<?xml version="1.0" encoding="UTF-8"?>
<!-- Generated by org.testng.reporters.JUnitXMLReporter -->
<testsuite ignored="0" hostname="LAPTOP-7F6VQ76T" failures="0" tests="6" name="Automation_Test" time="4.077" errors="0" timestamp="22 Mar 2020 13:36:07 GMT">
  <testcase classname="com.WEINVEST.TestC_Test" name="verifyPageTittle" time="2.193"/>
  <testcase classname="com.WEINVEST.TestC_Test" name="visibilityOfFullRecommendation" time="0.851"/>
  <testcase classname="com.WEINVEST.TestC_Test" name="visibilityOfFullOtherPortfolio" time="0.102"/>
  <testcase classname="com.WEINVEST.TestC_Test" name="changeWindowSize" time="0.291"/>
  <testcase classname="com.WEINVEST.TestC_Test" name="visibilityOfSortRecommendation" time="0.099"/>
  <testcase classname="com.WEINVEST.TestC_Test" name="visibilityOfSortOtherPortfolio" time="0.105"/>
</testsuite> <!-- Automation_Test -->
